[2025-07-14 11:56:08] local.ERROR: A `ver-categoria` permission already exists for guard `web`. {"exception":"[object] (Spatie\\Permission\\Exceptions\\PermissionAlreadyExists(code: 0): A `ver-categoria` permission already exists for guard `web`. at C:\\Users\\julia\\OneDrive\\Escritorio\\Proyecto-grado\\Proyecto_Grado\\vendor\\spatie\\laravel-permission\\src\\Exceptions\\PermissionAlreadyExists.php:11)
[stacktrace]
#0 C:\\Users\\julia\\OneDrive\\Escritorio\\Proyecto-grado\\Proyecto_Grado\\vendor\\spatie\\laravel-permission\\src\\Models\\Permission.php(51): Spatie\\Permission\\Exceptions\\PermissionAlreadyExists::create()
#1 C:\\Users\\julia\\OneDrive\\Escritorio\\Proyecto-grado\\Proyecto_Grado\\database\\seeders\\PermissionSeeder.php(75): Spatie\\Permission\\Models\\Permission::create()
#2 C:\\Users\\julia\\OneDrive\\Escritorio\\Proyecto-grado\\Proyecto_Grado\\vendor\\laravel\\framework\\src\\Illuminate\\Container\\BoundMethod.php(36): Database\\Seeders\\PermissionSeeder->run()
#3 C:\\Users\\julia\\OneDrive\\Escritorio\\Proyecto-grado\\Proyecto_Grado\\vendor\\laravel\\framework\\src\\Illuminate\\Container\\Util.php(41): Illuminate\\Container\\BoundMethod::Illuminate\\Container\\{closure}()
#4 C:\\Users\\julia\\OneDrive\\Escritorio\\Proyecto-grado\\Proyecto_Grado\\vendor\\laravel\\framework\\src\\Illuminate\\Container\\BoundMethod.php(93): Illuminate\\Container\\Util::unwrapIfClosure()
#5 C:\\Users\\julia\\OneDrive\\Escritorio\\Proyecto-grado\\Proyecto_Grado\\vendor\\laravel\\framework\\src\\Illuminate\\Container\\BoundMethod.php(35): Illuminate\\Container\\BoundMethod::callBoundMethod()
#6 C:\\Users\\julia\\OneDrive\\Escritorio\\Proyecto-grado\\Proyecto_Grado\\vendor\\laravel\\framework\\src\\Illuminate\\Container\\Container.php(662): Illuminate\\Container\\BoundMethod::call()
#7 C:\\Users\\julia\\OneDrive\\Escritorio\\Proyecto-grado\\Proyecto_Grado\\vendor\\laravel\\framework\\src\\Illuminate\\Database\\Seeder.php(184): Illuminate\\Container\\Container->call()
#8 C:\\Users\\julia\\OneDrive\\Escritorio\\Proyecto-grado\\Proyecto_Grado\\vendor\\laravel\\framework\\src\\Illuminate\\Database\\Seeder.php(193): Illuminate\\Database\\Seeder->Illuminate\\Database\\{closure}()
#9 C:\\Users\\julia\\OneDrive\\Escritorio\\Proyecto-grado\\Proyecto_Grado\\vendor\\laravel\\framework\\src\\Illuminate\\Database\\Seeder.php(61): Illuminate\\Database\\Seeder->__invoke()
#10 C:\\Users\\julia\\OneDrive\\Escritorio\\Proyecto-grado\\Proyecto_Grado\\database\\seeders\\DatabaseSeeder.php(21): Illuminate\\Database\\Seeder->call()
#11 C:\\Users\\julia\\OneDrive\\Escritorio\\Proyecto-grado\\Proyecto_Grado\\vendor\\laravel\\framework\\src\\Illuminate\\Container\\BoundMethod.php(36): Database\\Seeders\\DatabaseSeeder->run()
#12 C:\\Users\\julia\\OneDrive\\Escritorio\\Proyecto-grado\\Proyecto_Grado\\vendor\\laravel\\framework\\src\\Illuminate\\Container\\Util.php(41): Illuminate\\Container\\BoundMethod::Illuminate\\Container\\{closure}()
#13 C:\\Users\\julia\\OneDrive\\Escritorio\\Proyecto-grado\\Proyecto_Grado\\vendor\\laravel\\framework\\src\\Illuminate\\Container\\BoundMethod.php(93): Illuminate\\Container\\Util::unwrapIfClosure()
#14 C:\\Users\\julia\\OneDrive\\Escritorio\\Proyecto-grado\\Proyecto_Grado\\vendor\\laravel\\framework\\src\\Illuminate\\Container\\BoundMethod.php(35): Illuminate\\Container\\BoundMethod::callBoundMethod()
#15 C:\\Users\\julia\\OneDrive\\Escritorio\\Proyecto-grado\\Proyecto_Grado\\vendor\\laravel\\framework\\src\\Illuminate\\Container\\Container.php(662): Illuminate\\Container\\BoundMethod::call()
#16 C:\\Users\\julia\\OneDrive\\Escritorio\\Proyecto-grado\\Proyecto_Grado\\vendor\\laravel\\framework\\src\\Illuminate\\Database\\Seeder.php(184): Illuminate\\Container\\Container->call()
#17 C:\\Users\\julia\\OneDrive\\Escritorio\\Proyecto-grado\\Proyecto_Grado\\vendor\\laravel\\framework\\src\\Illuminate\\Database\\Seeder.php(193): Illuminate\\Database\\Seeder->Illuminate\\Database\\{closure}()
#18 C:\\Users\\julia\\OneDrive\\Escritorio\\Proyecto-grado\\Proyecto_Grado\\vendor\\laravel\\framework\\src\\Illuminate\\Database\\Console\\Seeds\\SeedCommand.php(70): Illuminate\\Database\\Seeder->__invoke()
#19 C:\\Users\\julia\\OneDrive\\Escritorio\\Proyecto-grado\\Proyecto_Grado\\vendor\\laravel\\framework\\src\\Illuminate\\Database\\Eloquent\\Concerns\\GuardsAttributes.php(155): Illuminate\\Database\\Console\\Seeds\\SeedCommand->Illuminate\\Database\\Console\\Seeds\\{closure}()
#20 C:\\Users\\julia\\OneDrive\\Escritorio\\Proyecto-grado\\Proyecto_Grado\\vendor\\laravel\\framework\\src\\Illuminate\\Database\\Console\\Seeds\\SeedCommand.php(69): Illuminate\\Database\\Eloquent\\Model::unguarded()
#21 C:\\Users\\julia\\OneDrive\\Escritorio\\Proyecto-grado\\Proyecto_Grado\\vendor\\laravel\\framework\\src\\Illuminate\\Container\\BoundMethod.php(36): Illuminate\\Database\\Console\\Seeds\\SeedCommand->handle()
#22 C:\\Users\\julia\\OneDrive\\Escritorio\\Proyecto-grado\\Proyecto_Grado\\vendor\\laravel\\framework\\src\\Illuminate\\Container\\Util.php(41): Illuminate\\Container\\BoundMethod::Illuminate\\Container\\{closure}()
#23 C:\\Users\\julia\\OneDrive\\Escritorio\\Proyecto-grado\\Proyecto_Grado\\vendor\\laravel\\framework\\src\\Illuminate\\Container\\BoundMethod.php(93): Illuminate\\Container\\Util::unwrapIfClosure()
#24 C:\\Users\\julia\\OneDrive\\Escritorio\\Proyecto-grado\\Proyecto_Grado\\vendor\\laravel\\framework\\src\\Illuminate\\Container\\BoundMethod.php(35): Illuminate\\Container\\BoundMethod::callBoundMethod()
#25 C:\\Users\\julia\\OneDrive\\Escritorio\\Proyecto-grado\\Proyecto_Grado\\vendor\\laravel\\framework\\src\\Illuminate\\Container\\Container.php(662): Illuminate\\Container\\BoundMethod::call()
#26 C:\\Users\\julia\\OneDrive\\Escritorio\\Proyecto-grado\\Proyecto_Grado\\vendor\\laravel\\framework\\src\\Illuminate\\Console\\Command.php(208): Illuminate\\Container\\Container->call()
#27 C:\\Users\\julia\\OneDrive\\Escritorio\\Proyecto-grado\\Proyecto_Grado\\vendor\\symfony\\console\\Command\\Command.php(326): Illuminate\\Console\\Command->execute()
#28 C:\\Users\\julia\\OneDrive\\Escritorio\\Proyecto-grado\\Proyecto_Grado\\vendor\\laravel\\framework\\src\\Illuminate\\Console\\Command.php(177): Symfony\\Component\\Console\\Command\\Command->run()
#29 C:\\Users\\julia\\OneDrive\\Escritorio\\Proyecto-grado\\Proyecto_Grado\\vendor\\symfony\\console\\Application.php(1081): Illuminate\\Console\\Command->run()
#30 C:\\Users\\julia\\OneDrive\\Escritorio\\Proyecto-grado\\Proyecto_Grado\\vendor\\symfony\\console\\Application.php(320): Symfony\\Component\\Console\\Application->doRunCommand()
#31 C:\\Users\\julia\\OneDrive\\Escritorio\\Proyecto-grado\\Proyecto_Grado\\vendor\\symfony\\console\\Application.php(174): Symfony\\Component\\Console\\Application->doRun()
#32 C:\\Users\\julia\\OneDrive\\Escritorio\\Proyecto-grado\\Proyecto_Grado\\vendor\\laravel\\framework\\src\\Illuminate\\Foundation\\Console\\Kernel.php(200): Symfony\\Component\\Console\\Application->run()
#33 C:\\Users\\julia\\OneDrive\\Escritorio\\Proyecto-grado\\Proyecto_Grado\\artisan(35): Illuminate\\Foundation\\Console\\Kernel->handle()
#34 {main}
"} 
